#! /usr/share/iverilog-0.9.7/bin/vvp
:ivl_version "0.9.7 " "(v0_9_6)";
:vpi_time_precision - 12;
:vpi_module "system";
:vpi_module "v2005_math";
:vpi_module "va_math";
S_0x1e80b40 .scope module, "RSA_test" "RSA_test" 2 18;
 .timescale -9 -12;
v0x1ed2030_0 .var "A", 7 0;
v0x1ed20d0_0 .var "B", 7 0;
v0x1ed2180_0 .var "C", 7 0;
v0x1ed2230_0 .var "Expect", 7 0;
v0x1ed22e0_0 .net "Yn", 7 0, v0x1ed1260_0; 1 drivers
v0x1ed2390_0 .net "busy", 0 0, v0x1ed12e0_0; 1 drivers
v0x1ed2410_0 .var "clk", 0 0;
v0x1ed2490_0 .var/i "i", 31 0;
v0x1ed2560 .array "mem", 9 0, 23 0;
v0x1ed25e0_0 .var "start", 0 0;
E_0x1ead9c0 .event posedge, v0x1ecfff0_0;
S_0x1ed1b10 .scope function, "rsa" "rsa" 2 41, 2 41, S_0x1e80b40;
 .timescale -9 -12;
v0x1ed18c0_0 .var "A", 7 0;
v0x1ed1c00_0 .var "B", 7 0;
v0x1ed1c80_0 .var "C", 7 0;
v0x1ed1d00_0 .var "Temp1", 7 0;
v0x1ed1d80_0 .var "Temp2", 7 0;
v0x1ed1e00_0 .var "Temp3", 15 0;
v0x1ed1ea0_0 .var/i "j", 31 0;
v0x1ed1f40_0 .var "rsa", 7 0;
TD_RSA_test.rsa ;
    %load/v 8, v0x1ed18c0_0, 8;
    %set/v v0x1ed1d00_0, 8, 8;
    %movi 8, 1, 8;
    %set/v v0x1ed1d80_0, 8, 8;
    %set/v v0x1ed1ea0_0, 0, 32;
T_0.0 ;
    %load/v 8, v0x1ed1ea0_0, 32;
   %cmpi/s 8, 10, 32;
    %jmp/0xz T_0.1, 5;
    %load/v 8, v0x1ed1c00_0, 1; Only need 1 of 8 bits
; Save base=8 wid=1 in lookaside.
    %jmp/0xz  T_0.2, 8;
    %load/v 8, v0x1ed1d00_0, 8;
    %movi 16, 0, 8;
    %load/v 24, v0x1ed1d80_0, 8;
    %movi 32, 0, 8;
    %mul 8, 24, 16;
    %set/v v0x1ed1e00_0, 8, 16;
    %load/v 8, v0x1ed1e00_0, 16;
    %load/v 24, v0x1ed1c80_0, 8;
    %mov 32, 0, 8;
    %mod 8, 24, 16;
    %set/v v0x1ed1d80_0, 8, 8;
T_0.2 ;
    %load/v 8, v0x1ed1d00_0, 8;
    %movi 16, 0, 8;
    %load/v 24, v0x1ed1d00_0, 8;
    %movi 32, 0, 8;
    %mul 8, 24, 16;
    %set/v v0x1ed1e00_0, 8, 16;
    %load/v 8, v0x1ed1e00_0, 16;
    %load/v 24, v0x1ed1c80_0, 8;
    %mov 32, 0, 8;
    %mod 8, 24, 16;
    %set/v v0x1ed1d00_0, 8, 8;
    %ix/load 1, 1, 0;
    %mov 4, 0, 1;
    %jmp/1 T_0.4, 4;
    %load/x1p 16, v0x1ed1c00_0, 7;
    %jmp T_0.5;
T_0.4 ;
    %mov 16, 2, 7;
T_0.5 ;
    %mov 8, 16, 7; Move signal select into place
    %mov 15, 0, 1;
    %set/v v0x1ed1c00_0, 8, 8;
    %ix/load 0, 1, 0;
    %load/vp0/s 8, v0x1ed1ea0_0, 32;
    %set/v v0x1ed1ea0_0, 8, 32;
    %jmp T_0.0;
T_0.1 ;
    %load/v 8, v0x1ed1d80_0, 8;
    %set/v v0x1ed1f40_0, 8, 8;
    %end;
S_0x1e8fe60 .scope module, "RSA" "RSA" 2 30, 3 44, S_0x1e80b40;
 .timescale -9 -12;
v0x1ed0ce0_0 .net "A", 7 0, v0x1ed2030_0; 1 drivers
v0x1ed0da0_0 .net "B", 7 0, v0x1ed20d0_0; 1 drivers
v0x1ed0e40_0 .var "Breg", 7 0;
v0x1ed0ee0_0 .net "C", 7 0, v0x1ed2180_0; 1 drivers
v0x1ed0f90_0 .var "Creg", 7 0;
v0x1ed1040_0 .net "Hreg", 8 0, v0x1ed06f0_0; 1 drivers
v0x1ed10c0_0 .net "Lreg", 7 0, v0x1ed07a0_0; 1 drivers
v0x1ed1190_0 .var "Xn", 7 0;
v0x1ed1260_0 .var "Yn", 7 0;
v0x1ed12e0_0 .var "busy", 0 0;
v0x1ed1360_0 .net "clk", 0 0, v0x1ed2410_0; 1 drivers
v0x1ed13e0_0 .net "mod_busy", 0 0, v0x1ecff50_0; 1 drivers
v0x1ed14d0_0 .net "mod_out", 7 0, L_0x1ed2900; 1 drivers
v0x1ed1550_0 .var "mod_start", 0 0;
v0x1ed1650_0 .net "mul_busy", 0 0, v0x1ed0980_0; 1 drivers
v0x1ed1700_0 .var "mul_start", 0 0;
v0x1ed15d0_0 .var "mux", 0 0;
v0x1ed1840_0 .net "mux_out", 7 0, L_0x1ed2cb0; 1 drivers
v0x1ed1960_0 .net "start", 0 0, v0x1ed25e0_0; 1 drivers
v0x1ed19e0_0 .var "state", 4 0;
E_0x1eadbc0/0 .event negedge, v0x1ed1960_0;
E_0x1eadbc0/1 .event posedge, v0x1ecfff0_0;
E_0x1eadbc0 .event/or E_0x1eadbc0/0, E_0x1eadbc0/1;
L_0x1ed2cb0 .functor MUXZ 8, v0x1ed1260_0, v0x1ed1190_0, v0x1ed15d0_0, C4<>;
S_0x1ed0460 .scope module, "Mul" "S_multi" 3 59, 4 20, S_0x1e8fe60;
 .timescale -9 -12;
v0x1ed0590_0 .alias "A", 7 0, v0x1ed1840_0;
v0x1ed0650_0 .net "B", 7 0, v0x1ed1190_0; 1 drivers
v0x1ed06f0_0 .var "Hreg", 8 0;
v0x1ed07a0_0 .var "Lreg", 7 0;
v0x1ed0880_0 .net *"_s0", 8 0, L_0x1ed2690; 1 drivers
v0x1ed0900_0 .net *"_s3", 0 0, C4<0>; 1 drivers
v0x1ed0980_0 .var "busy", 0 0;
v0x1ed0a00_0 .alias "clk", 0 0, v0x1ed1360_0;
v0x1ed0a80_0 .var "count", 3 0;
v0x1ed0b00_0 .net "start", 0 0, v0x1ed1700_0; 1 drivers
v0x1ed0ba0_0 .var "state", 1 0;
v0x1ed0c40_0 .net "sum", 8 0, L_0x1ed27b0; 1 drivers
E_0x1ecfc10/0 .event negedge, v0x1ed0b00_0;
E_0x1ecfc10/1 .event posedge, v0x1ecfff0_0;
E_0x1ecfc10 .event/or E_0x1ecfc10/0, E_0x1ecfc10/1;
L_0x1ed2690 .concat [ 8 1 0 0], L_0x1ed2cb0, C4<0>;
L_0x1ed27b0 .arith/sum 9, v0x1ed06f0_0, L_0x1ed2690;
S_0x1e8ff50 .scope module, "Mod" "Modulo" 3 60, 5 21, S_0x1e8fe60;
 .timescale -9 -12;
v0x1e90040_0 .net "C", 7 0, v0x1ed0f90_0; 1 drivers
v0x1ecfa50_0 .alias "Hreg", 8 0, v0x1ed1040_0;
v0x1ecfaf0_0 .var "Hreg2", 8 0;
v0x1ecfb90_0 .alias "Lreg", 7 0, v0x1ed10c0_0;
v0x1ecfc40_0 .var "Lreg2", 7 0;
v0x1ecfce0_0 .alias "M", 7 0, v0x1ed14d0_0;
v0x1ecfdc0_0 .net *"_s2", 8 0, L_0x1ed29f0; 1 drivers
v0x1ecfe60_0 .net *"_s5", 0 0, C4<0>; 1 drivers
v0x1ecff50_0 .var "busy", 0 0;
v0x1ecfff0_0 .alias "clk", 0 0, v0x1ed1360_0;
v0x1ed00f0_0 .var "count", 3 0;
v0x1ed0190_0 .net "diff", 8 0, L_0x1ed2b70; 1 drivers
v0x1ed02a0_0 .net "start", 0 0, v0x1ed1550_0; 1 drivers
v0x1ed0340_0 .var "state", 1 0;
E_0x1e80880/0 .event negedge, v0x1ed02a0_0;
E_0x1e80880/1 .event posedge, v0x1ecfff0_0;
E_0x1e80880 .event/or E_0x1e80880/0, E_0x1e80880/1;
L_0x1ed2900 .part v0x1ecfaf0_0, 0, 8;
L_0x1ed29f0 .concat [ 8 1 0 0], v0x1ed0f90_0, C4<0>;
L_0x1ed2b70 .arith/sub 9, v0x1ecfaf0_0, L_0x1ed29f0;
    .scope S_0x1ed0460;
T_1 ;
    %wait E_0x1ecfc10;
    %load/v 8, v0x1ed0b00_0, 1;
    %inv 8, 1;
    %jmp/0xz  T_1.0, 8;
    %ix/load 0, 1, 0;
    %assign/v0 v0x1ed0980_0, 0, 0;
    %movi 8, 8, 4;
    %ix/load 0, 4, 0;
    %assign/v0 v0x1ed0a80_0, 0, 8;
    %ix/load 0, 2, 0;
    %assign/v0 v0x1ed0ba0_0, 0, 0;
    %jmp T_1.1;
T_1.0 ;
    %load/v 8, v0x1ed0a80_0, 4;
    %mov 12, 0, 1;
    %cmpi/u 8, 0, 5;
    %inv 4, 1;
    %jmp/0xz  T_1.2, 4;
    %load/v 8, v0x1ed0ba0_0, 2;
    %mov 10, 0, 1;
    %cmpi/u 8, 0, 3;
    %jmp/0xz  T_1.4, 4;
    %ix/load 0, 9, 0;
    %assign/v0 v0x1ed06f0_0, 0, 0;
    %load/v 8, v0x1ed0650_0, 8;
    %ix/load 0, 8, 0;
    %assign/v0 v0x1ed07a0_0, 0, 8;
    %ix/load 0, 1, 0;
    %assign/v0 v0x1ed0980_0, 0, 1;
    %movi 8, 1, 2;
    %ix/load 0, 2, 0;
    %assign/v0 v0x1ed0ba0_0, 0, 8;
    %jmp T_1.5;
T_1.4 ;
    %load/v 8, v0x1ed0ba0_0, 2;
    %mov 10, 0, 1;
    %cmpi/u 8, 1, 3;
    %jmp/0xz  T_1.6, 4;
    %load/v 8, v0x1ed07a0_0, 1; Only need 1 of 8 bits
; Save base=8 wid=1 in lookaside.
    %jmp/0  T_1.8, 8;
    %load/v 9, v0x1ed0c40_0, 9;
    %jmp/1  T_1.10, 8;
T_1.8 ; End of true expr.
    %load/v 18, v0x1ed06f0_0, 9;
    %jmp/0  T_1.9, 8;
 ; End of false expr.
    %blend  9, 18, 9; Condition unknown.
    %jmp  T_1.10;
T_1.9 ;
    %mov 9, 18, 9; Return false value
T_1.10 ;
    %ix/load 0, 9, 0;
    %assign/v0 v0x1ed06f0_0, 0, 9;
    %movi 8, 2, 2;
    %ix/load 0, 2, 0;
    %assign/v0 v0x1ed0ba0_0, 0, 8;
    %jmp T_1.7;
T_1.6 ;
    %load/v 8, v0x1ed0ba0_0, 2;
    %mov 10, 0, 2;
    %cmpi/u 8, 2, 4;
    %jmp/0xz  T_1.11, 4;
    %ix/load 1, 1, 0;
    %mov 4, 0, 1;
    %jmp/1 T_1.13, 4;
    %load/x1p 25, v0x1ed07a0_0, 7;
    %jmp T_1.14;
T_1.13 ;
    %mov 25, 2, 7;
T_1.14 ;
    %mov 8, 25, 7; Move signal select into place
    %load/v 15, v0x1ed06f0_0, 9;
    %mov 24, 0, 1;
    %ix/load 0, 8, 0;
    %assign/v0 v0x1ed07a0_0, 0, 8;
    %ix/load 0, 9, 0;
    %assign/v0 v0x1ed06f0_0, 0, 16;
    %load/v 8, v0x1ed0a80_0, 4;
    %mov 12, 0, 28;
    %subi 8, 1, 32;
    %ix/load 0, 4, 0;
    %assign/v0 v0x1ed0a80_0, 0, 8;
    %movi 8, 1, 2;
    %ix/load 0, 2, 0;
    %assign/v0 v0x1ed0ba0_0, 0, 8;
    %jmp T_1.12;
T_1.11 ;
    %ix/load 0, 1, 0;
    %assign/v0 v0x1ed0980_0, 0, 0;
T_1.12 ;
T_1.7 ;
T_1.5 ;
    %jmp T_1.3;
T_1.2 ;
    %ix/load 0, 1, 0;
    %assign/v0 v0x1ed0980_0, 0, 0;
T_1.3 ;
T_1.1 ;
    %jmp T_1;
    .thread T_1;
    .scope S_0x1e8ff50;
T_2 ;
    %wait E_0x1e80880;
    %load/v 8, v0x1ed02a0_0, 1;
    %inv 8, 1;
    %jmp/0xz  T_2.0, 8;
    %ix/load 0, 1, 0;
    %assign/v0 v0x1ecff50_0, 0, 0;
    %movi 8, 9, 4;
    %ix/load 0, 4, 0;
    %assign/v0 v0x1ed00f0_0, 0, 8;
    %ix/load 0, 2, 0;
    %assign/v0 v0x1ed0340_0, 0, 0;
    %jmp T_2.1;
T_2.0 ;
    %load/v 8, v0x1ed00f0_0, 4;
    %mov 12, 0, 1;
    %cmpi/u 8, 0, 5;
    %inv 4, 1;
    %jmp/0xz  T_2.2, 4;
    %load/v 8, v0x1ed0340_0, 2;
    %mov 10, 0, 1;
    %cmpi/u 8, 0, 3;
    %jmp/0xz  T_2.4, 4;
    %load/v 8, v0x1ecfa50_0, 9;
    %ix/load 0, 9, 0;
    %assign/v0 v0x1ecfaf0_0, 0, 8;
    %load/v 8, v0x1ecfb90_0, 8;
    %ix/load 0, 8, 0;
    %assign/v0 v0x1ecfc40_0, 0, 8;
    %ix/load 0, 1, 0;
    %assign/v0 v0x1ecff50_0, 0, 1;
    %movi 8, 1, 2;
    %ix/load 0, 2, 0;
    %assign/v0 v0x1ed0340_0, 0, 8;
    %jmp T_2.5;
T_2.4 ;
    %load/v 8, v0x1ed0340_0, 2;
    %mov 10, 0, 1;
    %cmpi/u 8, 1, 3;
    %jmp/0xz  T_2.6, 4;
    %ix/load 1, 8, 0;
    %mov 4, 0, 1;
    %jmp/1 T_2.11, 4;
    %load/x1p 8, v0x1ed0190_0, 1;
    %jmp T_2.12;
T_2.11 ;
    %mov 8, 2, 1;
T_2.12 ;
; Save base=8 wid=1 in lookaside.
    %jmp/0  T_2.8, 8;
    %load/v 9, v0x1ecfaf0_0, 9;
    %jmp/1  T_2.10, 8;
T_2.8 ; End of true expr.
    %load/v 18, v0x1ed0190_0, 8; Select 8 out of 9 bits
    %mov 26, 0, 1;
    %jmp/0  T_2.9, 8;
 ; End of false expr.
    %blend  9, 18, 9; Condition unknown.
    %jmp  T_2.10;
T_2.9 ;
    %mov 9, 18, 9; Return false value
T_2.10 ;
    %ix/load 0, 9, 0;
    %assign/v0 v0x1ecfaf0_0, 0, 9;
    %load/v 8, v0x1ed00f0_0, 4;
    %mov 12, 0, 28;
    %subi 8, 1, 32;
    %ix/load 0, 4, 0;
    %assign/v0 v0x1ed00f0_0, 0, 8;
    %movi 8, 2, 2;
    %ix/load 0, 2, 0;
    %assign/v0 v0x1ed0340_0, 0, 8;
    %jmp T_2.7;
T_2.6 ;
    %load/v 8, v0x1ed0340_0, 2;
    %mov 10, 0, 2;
    %cmpi/u 8, 2, 4;
    %jmp/0xz  T_2.13, 4;
    %mov 8, 0, 1;
    %load/v 9, v0x1ecfc40_0, 8;
    %load/v 17, v0x1ecfaf0_0, 8; Select 8 out of 9 bits
    %ix/load 0, 8, 0;
    %assign/v0 v0x1ecfc40_0, 0, 8;
    %ix/load 0, 9, 0;
    %assign/v0 v0x1ecfaf0_0, 0, 16;
    %movi 8, 1, 2;
    %ix/load 0, 2, 0;
    %assign/v0 v0x1ed0340_0, 0, 8;
    %jmp T_2.14;
T_2.13 ;
    %ix/load 0, 1, 0;
    %assign/v0 v0x1ecff50_0, 0, 0;
T_2.14 ;
T_2.7 ;
T_2.5 ;
    %jmp T_2.3;
T_2.2 ;
    %ix/load 0, 1, 0;
    %assign/v0 v0x1ecff50_0, 0, 0;
T_2.3 ;
T_2.1 ;
    %jmp T_2;
    .thread T_2;
    .scope S_0x1e8fe60;
T_3 ;
    %wait E_0x1eadbc0;
    %load/v 8, v0x1ed1960_0, 1;
    %inv 8, 1;
    %jmp/0xz  T_3.0, 8;
    %ix/load 0, 1, 0;
    %assign/v0 v0x1ed12e0_0, 0, 0;
    %ix/load 0, 1, 0;
    %assign/v0 v0x1ed1700_0, 0, 0;
    %ix/load 0, 1, 0;
    %assign/v0 v0x1ed1550_0, 0, 0;
    %ix/load 0, 5, 0;
    %assign/v0 v0x1ed19e0_0, 0, 0;
    %jmp T_3.1;
T_3.0 ;
    %load/v 8, v0x1ed19e0_0, 5;
    %mov 13, 0, 1;
    %cmpi/u 8, 0, 6;
    %jmp/0xz  T_3.2, 4;
    %ix/load 0, 1, 0;
    %assign/v0 v0x1ed12e0_0, 0, 1;
    %load/v 8, v0x1ed0ce0_0, 8;
    %ix/load 0, 8, 0;
    %assign/v0 v0x1ed1190_0, 0, 8;
    %movi 8, 1, 8;
    %ix/load 0, 8, 0;
    %assign/v0 v0x1ed1260_0, 0, 8;
    %load/v 8, v0x1ed0da0_0, 8;
    %ix/load 0, 8, 0;
    %assign/v0 v0x1ed0e40_0, 0, 8;
    %load/v 8, v0x1ed0ee0_0, 8;
    %ix/load 0, 8, 0;
    %assign/v0 v0x1ed0f90_0, 0, 8;
    %movi 8, 1, 5;
    %ix/load 0, 5, 0;
    %assign/v0 v0x1ed19e0_0, 0, 8;
    %jmp T_3.3;
T_3.2 ;
    %load/v 8, v0x1ed19e0_0, 5;
    %mov 13, 0, 1;
    %cmpi/u 8, 1, 6;
    %jmp/0xz  T_3.4, 4;
    %load/v 8, v0x1ed0e40_0, 1; Select 1 out of 8 bits
    %mov 9, 0, 1;
    %cmpi/u 8, 0, 2;
    %mov 8, 4, 1;
    %jmp/0  T_3.6, 8;
    %movi 9, 2, 5;
    %jmp/1  T_3.8, 8;
T_3.6 ; End of true expr.
    %movi 14, 10, 5;
    %jmp/0  T_3.7, 8;
 ; End of false expr.
    %blend  9, 14, 5; Condition unknown.
    %jmp  T_3.8;
T_3.7 ;
    %mov 9, 14, 5; Return false value
T_3.8 ;
    %ix/load 0, 5, 0;
    %assign/v0 v0x1ed19e0_0, 0, 9;
    %jmp T_3.5;
T_3.4 ;
    %load/v 8, v0x1ed19e0_0, 5;
    %mov 13, 0, 1;
    %cmpi/u 8, 2, 6;
    %jmp/0xz  T_3.9, 4;
    %ix/load 0, 1, 0;
    %assign/v0 v0x1ed15d0_0, 0, 1;
    %movi 8, 3, 5;
    %ix/load 0, 5, 0;
    %assign/v0 v0x1ed19e0_0, 0, 8;
    %jmp T_3.10;
T_3.9 ;
    %load/v 8, v0x1ed19e0_0, 5;
    %mov 13, 0, 1;
    %cmpi/u 8, 3, 6;
    %jmp/0xz  T_3.11, 4;
    %ix/load 0, 1, 0;
    %assign/v0 v0x1ed1700_0, 0, 1;
    %movi 8, 5, 5;
    %ix/load 0, 5, 0;
    %assign/v0 v0x1ed19e0_0, 0, 8;
    %jmp T_3.12;
T_3.11 ;
    %load/v 8, v0x1ed19e0_0, 5;
    %mov 13, 0, 1;
    %cmpi/u 8, 5, 6;
    %jmp/0xz  T_3.13, 4;
    %movi 8, 4, 5;
    %ix/load 0, 5, 0;
    %assign/v0 v0x1ed19e0_0, 0, 8;
    %jmp T_3.14;
T_3.13 ;
    %load/v 8, v0x1ed19e0_0, 5;
    %mov 13, 0, 1;
    %cmpi/u 8, 4, 6;
    %jmp/0xz  T_3.15, 4;
    %load/v 8, v0x1ed1650_0, 1;
    %mov 9, 0, 2;
    %cmpi/u 8, 1, 3;
    %mov 8, 4, 1;
    %jmp/0  T_3.17, 8;
    %movi 9, 4, 5;
    %jmp/1  T_3.19, 8;
T_3.17 ; End of true expr.
    %movi 14, 6, 5;
    %jmp/0  T_3.18, 8;
 ; End of false expr.
    %blend  9, 14, 5; Condition unknown.
    %jmp  T_3.19;
T_3.18 ;
    %mov 9, 14, 5; Return false value
T_3.19 ;
    %ix/load 0, 5, 0;
    %assign/v0 v0x1ed19e0_0, 0, 9;
    %jmp T_3.16;
T_3.15 ;
    %load/v 8, v0x1ed19e0_0, 5;
    %mov 13, 0, 1;
    %cmpi/u 8, 6, 6;
    %jmp/0xz  T_3.20, 4;
    %ix/load 0, 1, 0;
    %assign/v0 v0x1ed1700_0, 0, 0;
    %ix/load 0, 1, 0;
    %assign/v0 v0x1ed1550_0, 0, 1;
    %movi 8, 8, 5;
    %ix/load 0, 5, 0;
    %assign/v0 v0x1ed19e0_0, 0, 8;
    %jmp T_3.21;
T_3.20 ;
    %load/v 8, v0x1ed19e0_0, 5;
    %mov 13, 0, 1;
    %cmpi/u 8, 8, 6;
    %jmp/0xz  T_3.22, 4;
    %movi 8, 7, 5;
    %ix/load 0, 5, 0;
    %assign/v0 v0x1ed19e0_0, 0, 8;
    %jmp T_3.23;
T_3.22 ;
    %load/v 8, v0x1ed19e0_0, 5;
    %mov 13, 0, 1;
    %cmpi/u 8, 7, 6;
    %jmp/0xz  T_3.24, 4;
    %load/v 8, v0x1ed13e0_0, 1;
    %mov 9, 0, 2;
    %cmpi/u 8, 1, 3;
    %mov 8, 4, 1;
    %jmp/0  T_3.26, 8;
    %movi 9, 7, 5;
    %jmp/1  T_3.28, 8;
T_3.26 ; End of true expr.
    %movi 14, 9, 5;
    %jmp/0  T_3.27, 8;
 ; End of false expr.
    %blend  9, 14, 5; Condition unknown.
    %jmp  T_3.28;
T_3.27 ;
    %mov 9, 14, 5; Return false value
T_3.28 ;
    %ix/load 0, 5, 0;
    %assign/v0 v0x1ed19e0_0, 0, 9;
    %jmp T_3.25;
T_3.24 ;
    %load/v 8, v0x1ed19e0_0, 5;
    %mov 13, 0, 1;
    %cmpi/u 8, 9, 6;
    %jmp/0xz  T_3.29, 4;
    %ix/load 0, 1, 0;
    %assign/v0 v0x1ed1550_0, 0, 0;
    %load/v 8, v0x1ed14d0_0, 8;
    %ix/load 0, 8, 0;
    %assign/v0 v0x1ed1190_0, 0, 8;
    %movi 8, 24, 5;
    %ix/load 0, 5, 0;
    %assign/v0 v0x1ed19e0_0, 0, 8;
    %jmp T_3.30;
T_3.29 ;
    %load/v 8, v0x1ed19e0_0, 5;
    %mov 13, 0, 1;
    %cmpi/u 8, 10, 6;
    %jmp/0xz  T_3.31, 4;
    %ix/load 0, 1, 0;
    %assign/v0 v0x1ed15d0_0, 0, 1;
    %movi 8, 11, 5;
    %ix/load 0, 5, 0;
    %assign/v0 v0x1ed19e0_0, 0, 8;
    %jmp T_3.32;
T_3.31 ;
    %load/v 8, v0x1ed19e0_0, 5;
    %mov 13, 0, 1;
    %cmpi/u 8, 11, 6;
    %jmp/0xz  T_3.33, 4;
    %ix/load 0, 1, 0;
    %assign/v0 v0x1ed1700_0, 0, 1;
    %movi 8, 13, 5;
    %ix/load 0, 5, 0;
    %assign/v0 v0x1ed19e0_0, 0, 8;
    %jmp T_3.34;
T_3.33 ;
    %load/v 8, v0x1ed19e0_0, 5;
    %mov 13, 0, 1;
    %cmpi/u 8, 13, 6;
    %jmp/0xz  T_3.35, 4;
    %movi 8, 12, 5;
    %ix/load 0, 5, 0;
    %assign/v0 v0x1ed19e0_0, 0, 8;
    %jmp T_3.36;
T_3.35 ;
    %load/v 8, v0x1ed19e0_0, 5;
    %mov 13, 0, 1;
    %cmpi/u 8, 12, 6;
    %jmp/0xz  T_3.37, 4;
    %load/v 8, v0x1ed1650_0, 1;
    %mov 9, 0, 2;
    %cmpi/u 8, 1, 3;
    %mov 8, 4, 1;
    %jmp/0  T_3.39, 8;
    %movi 9, 12, 5;
    %jmp/1  T_3.41, 8;
T_3.39 ; End of true expr.
    %movi 14, 14, 5;
    %jmp/0  T_3.40, 8;
 ; End of false expr.
    %blend  9, 14, 5; Condition unknown.
    %jmp  T_3.41;
T_3.40 ;
    %mov 9, 14, 5; Return false value
T_3.41 ;
    %ix/load 0, 5, 0;
    %assign/v0 v0x1ed19e0_0, 0, 9;
    %jmp T_3.38;
T_3.37 ;
    %load/v 8, v0x1ed19e0_0, 5;
    %mov 13, 0, 1;
    %cmpi/u 8, 14, 6;
    %jmp/0xz  T_3.42, 4;
    %ix/load 0, 1, 0;
    %assign/v0 v0x1ed1700_0, 0, 0;
    %ix/load 0, 1, 0;
    %assign/v0 v0x1ed1550_0, 0, 1;
    %ix/load 0, 1, 0;
    %assign/v0 v0x1ed15d0_0, 0, 0;
    %movi 8, 15, 5;
    %ix/load 0, 5, 0;
    %assign/v0 v0x1ed19e0_0, 0, 8;
    %jmp T_3.43;
T_3.42 ;
    %load/v 8, v0x1ed19e0_0, 5;
    %mov 13, 0, 1;
    %cmpi/u 8, 15, 6;
    %jmp/0xz  T_3.44, 4;
    %ix/load 0, 1, 0;
    %assign/v0 v0x1ed1700_0, 0, 1;
    %movi 8, 17, 5;
    %ix/load 0, 5, 0;
    %assign/v0 v0x1ed19e0_0, 0, 8;
    %jmp T_3.45;
T_3.44 ;
    %load/v 8, v0x1ed19e0_0, 5;
    %mov 13, 0, 2;
    %cmpi/u 8, 17, 7;
    %jmp/0xz  T_3.46, 4;
    %movi 8, 16, 5;
    %ix/load 0, 5, 0;
    %assign/v0 v0x1ed19e0_0, 0, 8;
    %jmp T_3.47;
T_3.46 ;
    %load/v 8, v0x1ed19e0_0, 5;
    %mov 13, 0, 2;
    %cmpi/u 8, 16, 7;
    %jmp/0xz  T_3.48, 4;
    %load/v 8, v0x1ed1650_0, 1;
    %mov 9, 0, 2;
    %cmpi/u 8, 1, 3;
    %mov 8, 4, 1;
    %load/v 9, v0x1ed13e0_0, 1;
    %mov 10, 0, 2;
    %cmpi/u 9, 1, 3;
    %or 8, 4, 1;
    %jmp/0  T_3.50, 8;
    %movi 9, 16, 5;
    %jmp/1  T_3.52, 8;
T_3.50 ; End of true expr.
    %movi 14, 18, 5;
    %jmp/0  T_3.51, 8;
 ; End of false expr.
    %blend  9, 14, 5; Condition unknown.
    %jmp  T_3.52;
T_3.51 ;
    %mov 9, 14, 5; Return false value
T_3.52 ;
    %ix/load 0, 5, 0;
    %assign/v0 v0x1ed19e0_0, 0, 9;
    %jmp T_3.49;
T_3.48 ;
    %load/v 8, v0x1ed19e0_0, 5;
    %mov 13, 0, 2;
    %cmpi/u 8, 18, 7;
    %jmp/0xz  T_3.53, 4;
    %ix/load 0, 1, 0;
    %assign/v0 v0x1ed1700_0, 0, 0;
    %ix/load 0, 1, 0;
    %assign/v0 v0x1ed1550_0, 0, 0;
    %load/v 8, v0x1ed14d0_0, 8;
    %ix/load 0, 8, 0;
    %assign/v0 v0x1ed1190_0, 0, 8;
    %movi 8, 19, 5;
    %ix/load 0, 5, 0;
    %assign/v0 v0x1ed19e0_0, 0, 8;
    %jmp T_3.54;
T_3.53 ;
    %load/v 8, v0x1ed19e0_0, 5;
    %mov 13, 0, 2;
    %cmpi/u 8, 19, 7;
    %jmp/0xz  T_3.55, 4;
    %ix/load 0, 1, 0;
    %assign/v0 v0x1ed1550_0, 0, 1;
    %movi 8, 21, 5;
    %ix/load 0, 5, 0;
    %assign/v0 v0x1ed19e0_0, 0, 8;
    %jmp T_3.56;
T_3.55 ;
    %load/v 8, v0x1ed19e0_0, 5;
    %mov 13, 0, 2;
    %cmpi/u 8, 21, 7;
    %jmp/0xz  T_3.57, 4;
    %movi 8, 20, 5;
    %ix/load 0, 5, 0;
    %assign/v0 v0x1ed19e0_0, 0, 8;
    %jmp T_3.58;
T_3.57 ;
    %load/v 8, v0x1ed19e0_0, 5;
    %mov 13, 0, 2;
    %cmpi/u 8, 20, 7;
    %jmp/0xz  T_3.59, 4;
    %load/v 8, v0x1ed13e0_0, 1;
    %mov 9, 0, 2;
    %cmpi/u 8, 1, 3;
    %mov 8, 4, 1;
    %jmp/0  T_3.61, 8;
    %movi 9, 20, 5;
    %jmp/1  T_3.63, 8;
T_3.61 ; End of true expr.
    %movi 14, 22, 5;
    %jmp/0  T_3.62, 8;
 ; End of false expr.
    %blend  9, 14, 5; Condition unknown.
    %jmp  T_3.63;
T_3.62 ;
    %mov 9, 14, 5; Return false value
T_3.63 ;
    %ix/load 0, 5, 0;
    %assign/v0 v0x1ed19e0_0, 0, 9;
    %jmp T_3.60;
T_3.59 ;
    %load/v 8, v0x1ed19e0_0, 5;
    %mov 13, 0, 2;
    %cmpi/u 8, 22, 7;
    %jmp/0xz  T_3.64, 4;
    %ix/load 0, 1, 0;
    %assign/v0 v0x1ed1550_0, 0, 0;
    %load/v 8, v0x1ed14d0_0, 8;
    %ix/load 0, 8, 0;
    %assign/v0 v0x1ed1260_0, 0, 8;
    %movi 8, 24, 5;
    %ix/load 0, 5, 0;
    %assign/v0 v0x1ed19e0_0, 0, 8;
    %jmp T_3.65;
T_3.64 ;
    %load/v 8, v0x1ed19e0_0, 5;
    %mov 13, 0, 2;
    %cmpi/u 8, 24, 7;
    %jmp/0xz  T_3.66, 4;
    %ix/load 1, 1, 0;
    %mov 4, 0, 1;
    %jmp/1 T_3.68, 4;
    %load/x1p 16, v0x1ed0e40_0, 7;
    %jmp T_3.69;
T_3.68 ;
    %mov 16, 2, 7;
T_3.69 ;
    %mov 8, 16, 7; Move signal select into place
    %mov 15, 0, 1;
    %ix/load 0, 8, 0;
    %assign/v0 v0x1ed0e40_0, 0, 8;
    %movi 8, 23, 5;
    %ix/load 0, 5, 0;
    %assign/v0 v0x1ed19e0_0, 0, 8;
    %jmp T_3.67;
T_3.66 ;
    %load/v 8, v0x1ed19e0_0, 5;
    %mov 13, 0, 2;
    %cmpi/u 8, 23, 7;
    %jmp/0xz  T_3.70, 4;
    %load/v 8, v0x1ed0e40_0, 8;
    %mov 16, 0, 1;
    %cmpi/u 8, 0, 9;
    %mov 8, 4, 1;
    %jmp/0  T_3.72, 8;
    %movi 9, 25, 5;
    %jmp/1  T_3.74, 8;
T_3.72 ; End of true expr.
    %movi 14, 1, 5;
    %jmp/0  T_3.73, 8;
 ; End of false expr.
    %blend  9, 14, 5; Condition unknown.
    %jmp  T_3.74;
T_3.73 ;
    %mov 9, 14, 5; Return false value
T_3.74 ;
    %ix/load 0, 5, 0;
    %assign/v0 v0x1ed19e0_0, 0, 9;
    %jmp T_3.71;
T_3.70 ;
    %load/v 8, v0x1ed19e0_0, 5;
    %mov 13, 0, 2;
    %cmpi/u 8, 25, 7;
    %jmp/0xz  T_3.75, 4;
    %ix/load 0, 1, 0;
    %assign/v0 v0x1ed12e0_0, 0, 0;
    %jmp T_3.76;
T_3.75 ;
    %ix/load 0, 1, 0;
    %assign/v0 v0x1ed12e0_0, 0, 0;
T_3.76 ;
T_3.71 ;
T_3.67 ;
T_3.65 ;
T_3.60 ;
T_3.58 ;
T_3.56 ;
T_3.54 ;
T_3.49 ;
T_3.47 ;
T_3.45 ;
T_3.43 ;
T_3.38 ;
T_3.36 ;
T_3.34 ;
T_3.32 ;
T_3.30 ;
T_3.25 ;
T_3.23 ;
T_3.21 ;
T_3.16 ;
T_3.14 ;
T_3.12 ;
T_3.10 ;
T_3.5 ;
T_3.3 ;
T_3.1 ;
    %jmp T_3;
    .thread T_3;
    .scope S_0x1e80b40;
T_4 ;
    %delay 50000, 0;
    %load/v 8, v0x1ed2410_0, 1;
    %inv 8, 1;
    %set/v v0x1ed2410_0, 8, 1;
    %jmp T_4;
    .thread T_4;
    .scope S_0x1e80b40;
T_5 ;
    %vpi_call 2 35 "$dumpfile", "dump.vcd";
    %vpi_call 2 36 "$dumpvars";
    %delay 700000000, 0;
    %vpi_call 2 38 "$finish";
    %end;
    .thread T_5;
    .scope S_0x1e80b40;
T_6 ;
    %movi 8, 11513855, 24;
   %ix/load 1, 0, 0;
   %ix/load 3, 0, 0;
   %set/av v0x1ed2560, 8, 24;
    %movi 8, 962319, 24;
   %ix/load 1, 0, 0;
   %ix/load 3, 1, 0;
   %set/av v0x1ed2560, 8, 24;
    %movi 8, 912911, 24;
   %ix/load 1, 0, 0;
   %ix/load 3, 2, 0;
   %set/av v0x1ed2560, 8, 24;
    %movi 8, 11320303, 24;
   %ix/load 1, 0, 0;
   %ix/load 3, 3, 0;
   %set/av v0x1ed2560, 8, 24;
    %movi 8, 2819386, 24;
   %ix/load 1, 0, 0;
   %ix/load 3, 4, 0;
   %set/av v0x1ed2560, 8, 24;
    %movi 8, 16414122, 24;
   %ix/load 1, 0, 0;
   %ix/load 3, 5, 0;
   %set/av v0x1ed2560, 8, 24;
    %movi 8, 10057146, 24;
   %ix/load 1, 0, 0;
   %ix/load 3, 6, 0;
   %set/av v0x1ed2560, 8, 24;
    %movi 8, 4720042, 24;
   %ix/load 1, 0, 0;
   %ix/load 3, 7, 0;
   %set/av v0x1ed2560, 8, 24;
    %movi 8, 16188833, 24;
   %ix/load 1, 0, 0;
   %ix/load 3, 8, 0;
   %set/av v0x1ed2560, 8, 24;
    %movi 8, 6948266, 24;
   %ix/load 1, 0, 0;
   %ix/load 3, 9, 0;
   %set/av v0x1ed2560, 8, 24;
    %set/v v0x1ed2410_0, 1, 1;
    %set/v v0x1ed2490_0, 0, 32;
T_6.0 ;
    %load/v 8, v0x1ed2490_0, 32;
   %cmpi/s 8, 10, 32;
    %jmp/0xz T_6.1, 5;
    %set/v v0x1ed25e0_0, 0, 1;
    %ix/getv/s 3, v0x1ed2490_0;
    %load/av 8, v0x1ed2560, 24;
    %set/v v0x1ed2180_0, 8, 8;
    %set/v v0x1ed20d0_0, 16, 8;
    %set/v v0x1ed2030_0, 24, 8;
    %load/v 8, v0x1ed2030_0, 8;
    %set/v v0x1ed18c0_0, 8, 8;
    %load/v 8, v0x1ed20d0_0, 8;
    %set/v v0x1ed1c00_0, 8, 8;
    %load/v 8, v0x1ed2180_0, 8;
    %set/v v0x1ed1c80_0, 8, 8;
    %fork TD_RSA_test.rsa, S_0x1ed1b10;
    %join;
    %load/v  8, v0x1ed1f40_0, 8;
    %set/v v0x1ed2230_0, 8, 8;
    %wait E_0x1ead9c0;
    %delay 10000, 0;
    %set/v v0x1ed25e0_0, 1, 1;
    %wait E_0x1ead9c0;
    %delay 10000, 0;
T_6.2 ;
    %load/v 8, v0x1ed2390_0, 1;
    %mov 9, 0, 2;
    %cmpi/u 8, 1, 3;
    %jmp/0xz T_6.3, 4;
    %wait E_0x1ead9c0;
    %jmp T_6.2;
T_6.3 ;
    %load/v 8, v0x1ed2230_0, 8;
    %load/v 16, v0x1ed22e0_0, 8;
    %cmp/u 8, 16, 8;
    %jmp/0xz  T_6.4, 4;
    %vpi_call 2 86 "$display", "Match Yn=%h Expect=%h", v0x1ed22e0_0, v0x1ed2230_0;
    %jmp T_6.5;
T_6.4 ;
    %vpi_call 2 88 "$display", "Error Yn=%h Expect=%h", v0x1ed22e0_0, v0x1ed2230_0;
T_6.5 ;
    %ix/load 0, 1, 0;
    %load/vp0/s 8, v0x1ed2490_0, 32;
    %set/v v0x1ed2490_0, 8, 32;
    %jmp T_6.0;
T_6.1 ;
    %vpi_call 2 92 "$finish";
    %end;
    .thread T_6;
# The file index is used to find the file name in the following table.
:file_names 6;
    "N/A";
    "<interactive>";
    "testbench.sv";
    "design.sv";
    "./design2.sv";
    "./design3.sv";
